<?xml version="1.0" encoding="UTF-8"?>
<!-- Generated by org.testng.reporters.JUnitXMLReporter -->
<testsuite ignored="0" hostname="LAPTOP-PM0UH2ND" failures="1" tests="1" name="Test" time="22.473" errors="0" timestamp="2021-09-25T14:50:59 IST">
  <testcase classname="com.internetbanking.Testcases.Tc_addnewcustomerTest_001" name="NewCustomer" time="16.531">
    <failure type="java.lang.AssertionError" message="expected [true] but found [false]">
      <![CDATA[java.lang.AssertionError: expected [true] but found [false]
at com.internetbanking.Testcases.Tc_addnewcustomerTest_001.NewCustomer(Tc_addnewcustomerTest_001.java:62)
at java.base/java.util.ArrayList.forEach(ArrayList.java:1511)
... Removed 31 stack frames]]>
    </failure>
  </testcase> <!-- NewCustomer -->
</testsuite> <!-- Test -->
